sysbench 1.0.14 (using bundled LuaJIT 2.1.0-beta2)

Running the test with following options:
Number of threads: 256
Report intermediate results every 10 second(s)
Initializing random number generator from current time


Initializing worker threads...

Threads started!

[ 10s ] thds: 256 tps: 16854.79 qps: 16854.79 (r/w/o: 16854.79/0.00/0.00) lat (ms,95%): 33.12 err/s: 0.00 reconn/s: 0.00
[ 20s ] thds: 256 tps: 17896.64 qps: 17896.64 (r/w/o: 17896.64/0.00/0.00) lat (ms,95%): 31.37 err/s: 0.00 reconn/s: 0.00
[ 30s ] thds: 256 tps: 17628.71 qps: 17628.71 (r/w/o: 17628.71/0.00/0.00) lat (ms,95%): 32.53 err/s: 0.00 reconn/s: 0.00
[ 40s ] thds: 256 tps: 17932.80 qps: 17932.80 (r/w/o: 17932.80/0.00/0.00) lat (ms,95%): 30.81 err/s: 0.00 reconn/s: 0.00
[ 50s ] thds: 256 tps: 17657.89 qps: 17657.89 (r/w/o: 17657.89/0.00/0.00) lat (ms,95%): 31.94 err/s: 0.00 reconn/s: 0.00
[ 60s ] thds: 256 tps: 17838.14 qps: 17838.14 (r/w/o: 17838.14/0.00/0.00) lat (ms,95%): 31.37 err/s: 0.00 reconn/s: 0.00
[ 70s ] thds: 256 tps: 17616.26 qps: 17616.26 (r/w/o: 17616.26/0.00/0.00) lat (ms,95%): 31.94 err/s: 0.00 reconn/s: 0.00
[ 80s ] thds: 256 tps: 17612.60 qps: 17612.60 (r/w/o: 17612.60/0.00/0.00) lat (ms,95%): 31.37 err/s: 0.00 reconn/s: 0.00
[ 90s ] thds: 256 tps: 17889.82 qps: 17889.82 (r/w/o: 17889.82/0.00/0.00) lat (ms,95%): 31.37 err/s: 0.00 reconn/s: 0.00
[ 100s ] thds: 256 tps: 17472.09 qps: 17472.09 (r/w/o: 17472.09/0.00/0.00) lat (ms,95%): 31.94 err/s: 0.00 reconn/s: 0.00
[ 110s ] thds: 256 tps: 17846.48 qps: 17846.48 (r/w/o: 17846.48/0.00/0.00) lat (ms,95%): 31.37 err/s: 0.00 reconn/s: 0.00
[ 120s ] thds: 256 tps: 17954.53 qps: 17954.53 (r/w/o: 17954.53/0.00/0.00) lat (ms,95%): 31.37 err/s: 0.00 reconn/s: 0.00
[ 130s ] thds: 256 tps: 17402.95 qps: 17402.95 (r/w/o: 17402.95/0.00/0.00) lat (ms,95%): 32.53 err/s: 0.00 reconn/s: 0.00
[ 140s ] thds: 256 tps: 17673.13 qps: 17673.13 (r/w/o: 17673.13/0.00/0.00) lat (ms,95%): 31.37 err/s: 0.00 reconn/s: 0.00
[ 150s ] thds: 256 tps: 17541.35 qps: 17541.35 (r/w/o: 17541.35/0.00/0.00) lat (ms,95%): 32.53 err/s: 0.00 reconn/s: 0.00
[ 160s ] thds: 256 tps: 17810.56 qps: 17810.56 (r/w/o: 17810.56/0.00/0.00) lat (ms,95%): 31.37 err/s: 0.00 reconn/s: 0.00
[ 170s ] thds: 256 tps: 17759.01 qps: 17759.01 (r/w/o: 17759.01/0.00/0.00) lat (ms,95%): 31.94 err/s: 0.00 reconn/s: 0.00
[ 180s ] thds: 256 tps: 17475.46 qps: 17475.46 (r/w/o: 17475.46/0.00/0.00) lat (ms,95%): 32.53 err/s: 0.00 reconn/s: 0.00
[ 190s ] thds: 256 tps: 17983.18 qps: 17983.18 (r/w/o: 17983.18/0.00/0.00) lat (ms,95%): 31.37 err/s: 0.00 reconn/s: 0.00
[ 200s ] thds: 256 tps: 17678.43 qps: 17678.43 (r/w/o: 17678.43/0.00/0.00) lat (ms,95%): 31.37 err/s: 0.00 reconn/s: 0.00
[ 210s ] thds: 256 tps: 17245.53 qps: 17245.53 (r/w/o: 17245.53/0.00/0.00) lat (ms,95%): 33.12 err/s: 0.00 reconn/s: 0.00
[ 220s ] thds: 256 tps: 17702.49 qps: 17702.49 (r/w/o: 17702.49/0.00/0.00) lat (ms,95%): 31.94 err/s: 0.00 reconn/s: 0.00
[ 230s ] thds: 256 tps: 17236.45 qps: 17236.45 (r/w/o: 17236.45/0.00/0.00) lat (ms,95%): 33.12 err/s: 0.00 reconn/s: 0.00
[ 240s ] thds: 256 tps: 17749.19 qps: 17749.19 (r/w/o: 17749.19/0.00/0.00) lat (ms,95%): 31.94 err/s: 0.00 reconn/s: 0.00
[ 250s ] thds: 256 tps: 17345.52 qps: 17345.52 (r/w/o: 17345.52/0.00/0.00) lat (ms,95%): 32.53 err/s: 0.00 reconn/s: 0.00
[ 260s ] thds: 256 tps: 17926.65 qps: 17926.65 (r/w/o: 17926.65/0.00/0.00) lat (ms,95%): 31.94 err/s: 0.00 reconn/s: 0.00
[ 270s ] thds: 256 tps: 17531.48 qps: 17531.48 (r/w/o: 17531.48/0.00/0.00) lat (ms,95%): 32.53 err/s: 0.00 reconn/s: 0.00
[ 280s ] thds: 256 tps: 17813.91 qps: 17813.91 (r/w/o: 17813.91/0.00/0.00) lat (ms,95%): 31.37 err/s: 0.00 reconn/s: 0.00
[ 290s ] thds: 256 tps: 17643.36 qps: 17643.36 (r/w/o: 17643.36/0.00/0.00) lat (ms,95%): 31.94 err/s: 0.00 reconn/s: 0.00
[ 300s ] thds: 256 tps: 17954.72 qps: 17954.72 (r/w/o: 17954.72/0.00/0.00) lat (ms,95%): 30.81 err/s: 0.00 reconn/s: 0.00
SQL statistics:
    queries performed:
        read:                            5297013
        write:                           0
        other:                           0
        total:                           5297013
    transactions:                        5297013 (17654.31 per sec.)
    queries:                             5297013 (17654.31 per sec.)
    ignored errors:                      0      (0.00 per sec.)
    reconnects:                          0      (0.00 per sec.)

General statistics:
    total time:                          300.0398s
    total number of events:              5297013

Latency (ms):
         min:                                    0.33
         avg:                                   14.50
         max:                                  218.91
         95th percentile:                       31.94
         sum:                             76799927.84

Threads fairness:
    events (avg/stddev):           20691.4570/72.36
    execution time (avg/stddev):   299.9997/0.01

